# JRE version: OpenJDK Runtime Environment Temurin-17.0.10+7 (17.0.10+7) (build 17.0.10+7)
# Java VM: OpenJDK 64-Bit Server VM Temurin-17.0.10+7 (17.0.10+7, mixed mode, emulated-client, tiered, compressed oops, compressed class ptrs, g1 gc, windows-amd64)
GC Precious Log:
 CPUs: 16 total, 16 available
 Memory: 15715M
 Large Page Support: Disabled
 NUMA Support: Disabled
 Compressed Oops: Enabled (32-bit)
 Heap Region Size: 1M
 Heap Min Capacity: 8M
 Heap Initial Capacity: 246M
 Heap Max Capacity: 1G
 Pre-touch: Disabled
 Parallel Workers: 13
 Concurrent Workers: 3
 Concurrent Refinement Workers: 13
 Periodic GC: Disabled
Heap:
 garbage-first heap   total 78848K, used 26254K [0x00000000c0000000, 0x0000000100000000)
  region size 1024K, 1 young (1024K), 0 survivors (0K)
 Metaspace       used 47929K, committed 48640K, reserved 1114112K
  class space    used 6188K, committed 6464K, reserved 1048576K
GC Heap History (20 events):
Event: 20980.959 GC heap before
{Heap before GC invocations=991 (full 981):
 garbage-first heap   total 78848K, used 26254K [0x00000000c0000000, 0x0000000100000000)
  region size 1024K, 1 young (1024K), 0 survivors (0K)
 Metaspace       used 47929K, committed 48640K, reserved 1114112K
  class space    used 6188K, committed 6464K, reserved 1048576K
}
Event: 20980.989 GC heap after
{Heap after GC invocations=992 (full 982):
 garbage-first heap   total 78848K, used 26254K [0x00000000c0000000, 0x0000000100000000)
  region size 1024K, 0 young (0K), 0 survivors (0K)
 Metaspace       used 47929K, committed 48640K, reserved 1114112K
  class space    used 6188K, committed 6464K, reserved 1048576K
}
Event: 20991.397 GC heap before
{Heap before GC invocations=992 (full 982):
 garbage-first heap   total 78848K, used 26254K [0x00000000c0000000, 0x0000000100000000)
  region size 1024K, 1 young (1024K), 0 survivors (0K)
 Metaspace       used 47929K, committed 48640K, reserved 1114112K
  class space    used 6188K, committed 6464K, reserved 1048576K
}
Event: 20991.436 GC heap after
{Heap after GC invocations=993 (full 983):
 garbage-first heap   total 78848K, used 26254K [0x00000000c0000000, 0x0000000100000000)
  region size 1024K, 0 young (0K), 0 survivors (0K)
 Metaspace       used 47929K, committed 48640K, reserved 1114112K
  class space    used 6188K, committed 6464K, reserved 1048576K
}
Event: 21002.237 GC heap before
{Heap before GC invocations=993 (full 983):
 garbage-first heap   total 78848K, used 26254K [0x00000000c0000000, 0x0000000100000000)
  region size 1024K, 1 young (1024K), 0 survivors (0K)
 Metaspace       used 47929K, committed 48640K, reserved 1114112K
  class space    used 6188K, committed 6464K, reserved 1048576K
}
Event: 21002.279 GC heap after
{Heap after GC invocations=994 (full 984):
 garbage-first heap   total 78848K, used 26254K [0x00000000c0000000, 0x0000000100000000)
  region size 1024K, 0 young (0K), 0 survivors (0K)
 Metaspace       used 47929K, committed 48640K, reserved 1114112K
  class space    used 6188K, committed 6464K, reserved 1048576K
}
Event: 21013.090 GC heap before
{Heap before GC invocations=994 (full 984):
 garbage-first heap   total 78848K, used 26254K [0x00000000c0000000, 0x0000000100000000)
  region size 1024K, 1 young (1024K), 0 survivors (0K)
 Metaspace       used 47929K, committed 48640K, reserved 1114112K
  class space    used 6188K, committed 6464K, reserved 1048576K
}
Event: 21013.128 GC heap after
{Heap after GC invocations=995 (full 985):
 garbage-first heap   total 78848K, used 26254K [0x00000000c0000000, 0x0000000100000000)
  region size 1024K, 0 young (0K), 0 survivors (0K)
 Metaspace       used 47929K, committed 48640K, reserved 1114112K
  class space    used 6188K, committed 6464K, reserved 1048576K
}
Event: 21023.583 GC heap before
{Heap before GC invocations=995 (full 985):
 garbage-first heap   total 78848K, used 26254K [0x00000000c0000000, 0x0000000100000000)
  region size 1024K, 1 young (1024K), 0 survivors (0K)
 Metaspace       used 47929K, committed 48640K, reserved 1114112K
  class space    used 6188K, committed 6464K, reserved 1048576K
}
Event: 21023.615 GC heap after
{Heap after GC invocations=996 (full 986):
 garbage-first heap   total 78848K, used 26254K [0x00000000c0000000, 0x0000000100000000)
  region size 1024K, 0 young (0K), 0 survivors (0K)
 Metaspace       used 47929K, committed 48640K, reserved 1114112K
  class space    used 6188K, committed 6464K, reserved 1048576K
}
Event: 21033.922 GC heap before
{Heap before GC invocations=996 (full 986):
 garbage-first heap   total 78848K, used 26254K [0x00000000c0000000, 0x0000000100000000)
  region size 1024K, 1 young (1024K), 0 survivors (0K)
 Metaspace       used 47929K, committed 48640K, reserved 1114112K
  class space    used 6188K, committed 6464K, reserved 1048576K
}
Event: 21033.954 GC heap after
{Heap after GC invocations=997 (full 987):
 garbage-first heap   total 78848K, used 26254K [0x00000000c0000000, 0x0000000100000000)
  region size 1024K, 0 young (0K), 0 survivors (0K)
 Metaspace       used 47929K, committed 48640K, reserved 1114112K
  class space    used 6188K, committed 6464K, reserved 1048576K
}
Event: 21044.203 GC heap before
{Heap before GC invocations=997 (full 987):
 garbage-first heap   total 78848K, used 26254K [0x00000000c0000000, 0x0000000100000000)
  region size 1024K, 1 young (1024K), 0 survivors (0K)
 Metaspace       used 47929K, committed 48640K, reserved 1114112K
  class space    used 6188K, committed 6464K, reserved 1048576K
}
Event: 21044.224 GC heap after
{Heap after GC invocations=998 (full 988):
 garbage-first heap   total 78848K, used 26254K [0x00000000c0000000, 0x0000000100000000)
  region size 1024K, 0 young (0K), 0 survivors (0K)
 Metaspace       used 47929K, committed 48640K, reserved 1114112K
  class space    used 6188K, committed 6464K, reserved 1048576K
}
Event: 21054.597 GC heap before
{Heap before GC invocations=998 (full 988):
 garbage-first heap   total 78848K, used 26254K [0x00000000c0000000, 0x0000000100000000)
  region size 1024K, 1 young (1024K), 0 survivors (0K)
 Metaspace       used 47929K, committed 48640K, reserved 1114112K
  class space    used 6188K, committed 6464K, reserved 1048576K
}
Event: 21054.619 GC heap after
{Heap after GC invocations=999 (full 989):
 garbage-first heap   total 78848K, used 26254K [0x00000000c0000000, 0x0000000100000000)
  region size 1024K, 0 young (0K), 0 survivors (0K)
 Metaspace       used 47929K, committed 48640K, reserved 1114112K
  class space    used 6188K, committed 6464K, reserved 1048576K
}
Event: 21065.030 GC heap before
{Heap before GC invocations=999 (full 989):
 garbage-first heap   total 78848K, used 26254K [0x00000000c0000000, 0x0000000100000000)
  region size 1024K, 1 young (1024K), 0 survivors (0K)
 Metaspace       used 47929K, committed 48640K, reserved 1114112K
  class space    used 6188K, committed 6464K, reserved 1048576K
}
Event: 21065.053 GC heap after
{Heap after GC invocations=1000 (full 990):
 garbage-first heap   total 78848K, used 26254K [0x00000000c0000000, 0x0000000100000000)
  region size 1024K, 0 young (0K), 0 survivors (0K)
 Metaspace       used 47929K, committed 48640K, reserved 1114112K
  class space    used 6188K, committed 6464K, reserved 1048576K
}
Event: 21075.337 GC heap before
{Heap before GC invocations=1000 (full 990):
 garbage-first heap   total 78848K, used 26254K [0x00000000c0000000, 0x0000000100000000)
  region size 1024K, 1 young (1024K), 0 survivors (0K)
 Metaspace       used 47929K, committed 48640K, reserved 1114112K
  class space    used 6188K, committed 6464K, reserved 1048576K
}
Event: 21075.359 GC heap after
{Heap after GC invocations=1001 (full 991):
 garbage-first heap   total 78848K, used 26254K [0x00000000c0000000, 0x0000000100000000)
  region size 1024K, 0 young (0K), 0 survivors (0K)
 Metaspace       used 47929K, committed 48640K, reserved 1114112K
  class space    used 6188K, committed 6464K, reserved 1048576K
}

